I0712 17:14:40.120648 16810 /home/weixiaoxian/gitLocal/incubator-brpc/src/brpc/socket.cpp:2201] Checking Socket{id=0 addr=10.11.6.120:60006} (0x274b980)
E0714 09:41:34.493565 162970 /home/weixiaoxian/gitLocal/incubator-brpc/src/bthread/task_group.cpp:672] _remote_rq is full, capacity=2048
E0714 09:41:34.499042 163257 /home/weixiaoxian/gitLocal/incubator-brpc/src/bthread/task_group.cpp:672] _remote_rq is full, capacity=2048
E0714 09:41:34.501670 162952 /home/weixiaoxian/gitLocal/incubator-brpc/src/bthread/task_group.cpp:672] _remote_rq is full, capacity=2048
E0714 09:41:34.508036 163118 /home/weixiaoxian/gitLocal/incubator-brpc/src/bthread/task_group.cpp:672] _remote_rq is full, capacity=2048
E0714 09:41:34.510226 163217 /home/weixiaoxian/gitLocal/incubator-brpc/src/bthread/task_group.cpp:672] _remote_rq is full, capacity=2048
E0714 09:41:34.516198 162987 /home/weixiaoxian/gitLocal/incubator-brpc/src/bthread/task_group.cpp:672] _remote_rq is full, capacity=2048
E0714 09:41:34.533575 163203 /home/weixiaoxian/gitLocal/incubator-brpc/src/bthread/task_group.cpp:672] _remote_rq is full, capacity=2048
E0714 09:41:34.548506 162985 /home/weixiaoxian/gitLocal/incubator-brpc/src/bthread/task_group.cpp:672] _remote_rq is full, capacity=2048
E0714 09:41:34.557554 163017 /home/weixiaoxian/gitLocal/incubator-brpc/src/bthread/task_group.cpp:672] _remote_rq is full, capacity=2048
E0714 09:41:34.585009 163120 /home/weixiaoxian/gitLocal/incubator-brpc/src/bthread/task_group.cpp:672] _remote_rq is full, capacity=2048
E0714 09:41:34.605142 163163 /home/weixiaoxian/gitLocal/incubator-brpc/src/bthread/task_group.cpp:672] _remote_rq is full, capacity=2048
E0714 09:41:34.613860 163133 /home/weixiaoxian/gitLocal/incubator-brpc/src/bthread/task_group.cpp:672] _remote_rq is full, capacity=2048
E0714 09:41:34.615328 163228 /home/weixiaoxian/gitLocal/incubator-brpc/src/bthread/task_group.cpp:672] _remote_rq is full, capacity=2048
E0714 09:41:34.652592 163085 /home/weixiaoxian/gitLocal/incubator-brpc/src/bthread/task_group.cpp:672] _remote_rq is full, capacity=2048
E0714 09:41:34.667566 163028 /home/weixiaoxian/gitLocal/incubator-brpc/src/bthread/task_group.cpp:672] _remote_rq is full, capacity=2048
E0714 09:41:34.669523 163098 /home/weixiaoxian/gitLocal/incubator-brpc/src/bthread/task_group.cpp:672] _remote_rq is full, capacity=2048
E0714 09:41:34.674971 162999 /home/weixiaoxian/gitLocal/incubator-brpc/src/bthread/task_group.cpp:672] _remote_rq is full, capacity=2048
E0714 09:41:34.677012 163267 /home/weixiaoxian/gitLocal/incubator-brpc/src/bthread/task_group.cpp:672] _remote_rq is full, capacity=2048
E0714 09:41:34.681282 163046 /home/weixiaoxian/gitLocal/incubator-brpc/src/bthread/task_group.cpp:672] _remote_rq is full, capacity=2048
E0714 09:41:34.692551 163069 /home/weixiaoxian/gitLocal/incubator-brpc/src/bthread/task_group.cpp:672] _remote_rq is full, capacity=2048
E0714 09:41:34.709741 163025 /home/weixiaoxian/gitLocal/incubator-brpc/src/bthread/task_group.cpp:672] _remote_rq is full, capacity=2048
E0714 09:41:34.718831 163065 /home/weixiaoxian/gitLocal/incubator-brpc/src/bthread/task_group.cpp:672] _remote_rq is full, capacity=2048
E0714 09:41:34.730967 163076 /home/weixiaoxian/gitLocal/incubator-brpc/src/bthread/task_group.cpp:672] _remote_rq is full, capacity=2048
E0714 09:41:34.746058 163063 /home/weixiaoxian/gitLocal/incubator-brpc/src/bthread/task_group.cpp:672] _remote_rq is full, capacity=2048
E0714 09:41:34.757020 163195 /home/weixiaoxian/gitLocal/incubator-brpc/src/bthread/task_group.cpp:672] _remote_rq is full, capacity=2048
E0714 09:41:34.760121 162964 /home/weixiaoxian/gitLocal/incubator-brpc/src/bthread/task_group.cpp:672] _remote_rq is full, capacity=2048
E0714 09:41:34.773520 163089 /home/weixiaoxian/gitLocal/incubator-brpc/src/bthread/task_group.cpp:672] _remote_rq is full, capacity=2048
E0714 09:41:34.779674 163181 /home/weixiaoxian/gitLocal/incubator-brpc/src/bthread/task_group.cpp:672] _remote_rq is full, capacity=2048
E0714 09:41:34.784384 163068 /home/weixiaoxian/gitLocal/incubator-brpc/src/bthread/task_group.cpp:672] _remote_rq is full, capacity=2048
E0714 09:41:34.822148 163062 /home/weixiaoxian/gitLocal/incubator-brpc/src/bthread/task_group.cpp:672] _remote_rq is full, capacity=2048
W0714 09:41:34.843195 162953 /home/weixiaoxian/gitLocal/incubator-brpc/src/brpc/input_messenger.cpp:214] Fail to read from Socket{id=0 fd=4 addr=10.11.6.120:60006:46344} (0x235db00): Connection reset by peer
W0714 09:41:34.843520 162877 /home/weixiaoxian/gitLocal/incubator-brpc/src/brpc/socket.cpp:1561] Fail to write into Socket{id=0 fd=4 addr=10.11.6.120:60006:46346} (0x140fb00): Connection reset by peer
W0714 09:41:34.843901 162868 /home/weixiaoxian/gitLocal/incubator-brpc/src/brpc/socket.cpp:1561] Fail to write into Socket{id=0 fd=4 addr=10.11.6.120:60006:46350} (0x1cbbb00): Connection reset by peer
W0714 09:41:34.844206 162974 /home/weixiaoxian/gitLocal/incubator-brpc/src/brpc/input_messenger.cpp:214] Fail to read from Socket{id=0 fd=4 addr=10.11.6.120:60006:46348} (0x1a37ad0): Connection reset by peer
W0714 09:41:34.844499 163044 /home/weixiaoxian/gitLocal/incubator-brpc/src/brpc/input_messenger.cpp:214] Fail to read from Socket{id=0 fd=4 addr=10.11.6.120:60006:46352} (0x18b9b00): Connection reset by peer
W0714 09:41:34.844849 162882 /home/weixiaoxian/gitLocal/incubator-brpc/src/brpc/socket.cpp:1561] Fail to write into Socket{id=0 fd=4 addr=10.11.6.120:60006:46354} (0x228bad0): Connection reset by peer
W0714 09:41:34.845192 162989 /home/weixiaoxian/gitLocal/incubator-brpc/src/brpc/input_messenger.cpp:214] Fail to read from Socket{id=0 fd=4 addr=10.11.6.120:60006:46356} (0x1c49b00): Connection reset by peer
W0714 09:41:34.845593 163032 /home/weixiaoxian/gitLocal/incubator-brpc/src/brpc/input_messenger.cpp:214] Fail to read from Socket{id=0 fd=4 addr=10.11.6.120:60006:46358} (0x216bb00): Connection reset by peer
W0714 09:41:34.845808 163031 /home/weixiaoxian/gitLocal/incubator-brpc/src/brpc/input_messenger.cpp:214] Fail to read from Socket{id=0 fd=4 addr=10.11.6.120:60006:46360} (0x24bdb00): Connection reset by peer
W0714 09:41:34.846071 162899 /home/weixiaoxian/gitLocal/incubator-brpc/src/brpc/socket.cpp:1561] Fail to write into Socket{id=0 fd=4 addr=10.11.6.120:60006:46362} (0x29d3ad0): Connection reset by peer
W0714 09:41:34.846385 162919 /home/weixiaoxian/gitLocal/incubator-brpc/src/brpc/socket.cpp:1561] Fail to write into Socket{id=0 fd=4 addr=10.11.6.120:60006:46364} (0x14bfb00): Connection reset by peer
W0714 09:41:34.847018 162897 /home/weixiaoxian/gitLocal/incubator-brpc/src/brpc/socket.cpp:1561] Fail to write into Socket{id=0 fd=4 addr=10.11.6.120:60006:46366} (0x1ed5810): Connection reset by peer
W0714 09:41:34.847619 163134 /home/weixiaoxian/gitLocal/incubator-brpc/src/brpc/input_messenger.cpp:214] Fail to read from Socket{id=0 fd=4 addr=10.11.6.120:60006:46368} (0x3097b00): Connection reset by peer
W0714 09:41:34.848143 162886 /home/weixiaoxian/gitLocal/incubator-brpc/src/brpc/socket.cpp:1561] Fail to write into Socket{id=0 fd=4 addr=10.11.6.120:60006:46370} (0x29d5b00): Connection reset by peer
W0714 09:41:34.848728 163127 /home/weixiaoxian/gitLocal/incubator-brpc/src/brpc/input_messenger.cpp:214] Fail to read from Socket{id=0 fd=4 addr=10.11.6.120:60006:46372} (0x1c67800): Connection reset by peer
W0714 09:41:34.849247 163182 /home/weixiaoxian/gitLocal/incubator-brpc/src/brpc/input_messenger.cpp:214] Fail to read from Socket{id=0 fd=4 addr=10.11.6.120:60006:46374} (0x2ea7b00): Connection reset by peer
W0714 09:41:34.849618 163171 /home/weixiaoxian/gitLocal/incubator-brpc/src/brpc/input_messenger.cpp:214] Fail to read from Socket{id=0 fd=4 addr=10.11.6.120:60006:46376} (0x2963820): Connection reset by peer
W0714 09:41:34.850119 162875 /home/weixiaoxian/gitLocal/incubator-brpc/src/brpc/socket.cpp:1561] Fail to write into Socket{id=0 fd=4 addr=10.11.6.120:60006:46378} (0x18bdad0): Connection reset by peer
W0714 09:41:34.851893 162907 /home/weixiaoxian/gitLocal/incubator-brpc/src/brpc/socket.cpp:1561] Fail to write into Socket{id=0 fd=4 addr=10.11.6.120:60006:46380} (0x1643810): Connection reset by peer
W0714 09:41:34.852868 162867 /home/weixiaoxian/gitLocal/incubator-brpc/src/brpc/socket.cpp:1561] Fail to write into Socket{id=0 fd=4 addr=10.11.6.120:60006:46382} (0x1a3d8a0): Connection reset by peer
W0714 09:41:34.853739 163096 /home/weixiaoxian/gitLocal/incubator-brpc/src/brpc/input_messenger.cpp:214] Fail to read from Socket{id=0 fd=4 addr=10.11.6.120:60006:46384} (0x2887b00): Connection reset by peer
W0714 09:41:34.855208 162921 /home/weixiaoxian/gitLocal/incubator-brpc/src/brpc/socket.cpp:1561] Fail to write into Socket{id=0 fd=4 addr=10.11.6.120:60006:46386} (0x25c1840): Connection reset by peer
W0714 09:41:34.855853 163149 /home/weixiaoxian/gitLocal/incubator-brpc/src/brpc/input_messenger.cpp:214] Fail to read from Socket{id=0 fd=4 addr=10.11.6.120:60006:46388} (0x27d3810): Connection reset by peer
W0714 09:41:34.856185 163090 /home/weixiaoxian/gitLocal/incubator-brpc/src/brpc/input_messenger.cpp:214] Fail to read from Socket{id=0 fd=4 addr=10.11.6.120:60006:46390} (0x1dc1ad0): Connection reset by peer
W0714 09:41:34.856918 163184 /home/weixiaoxian/gitLocal/incubator-brpc/src/brpc/input_messenger.cpp:214] Fail to read from Socket{id=0 fd=4 addr=10.11.6.120:60006:46392} (0x1e838a0): Connection reset by peer
E0714 09:41:34.857893 162913 /home/weixiaoxian/gitLocal/incubator-brpc/src/bthread/task_group.cpp:672] _remote_rq is full, capacity=2048
W0714 09:41:34.857972 163236 /home/weixiaoxian/gitLocal/incubator-brpc/src/brpc/input_messenger.cpp:214] Fail to read from Socket{id=0 fd=3 addr=10.11.6.120:60006:46394} (0x299d8a0): Connection reset by peer
W0714 09:41:34.858313 163251 /home/weixiaoxian/gitLocal/incubator-brpc/src/brpc/input_messenger.cpp:214] Fail to read from Socket{id=0 fd=4 addr=10.11.6.120:60006:46396} (0x1619b00): Connection reset by peer
E0714 09:41:34.858514 162879 /home/weixiaoxian/gitLocal/incubator-brpc/src/bthread/task_group.cpp:672] _remote_rq is full, capacity=2048
W0714 09:41:34.858806 162918 /home/weixiaoxian/gitLocal/incubator-brpc/src/brpc/socket.cpp:1561] Fail to write into Socket{id=0 fd=4 addr=10.11.6.120:60006:46398} (0x2bf37f0): Connection reset by peer
W0714 09:41:34.859227 162926 /home/weixiaoxian/gitLocal/incubator-brpc/src/brpc/socket.cpp:1561] Fail to write into Socket{id=0 fd=4 addr=10.11.6.120:60006:46400} (0x1c597f0): Connection reset by peer
W0714 09:41:34.859749 162927 /home/weixiaoxian/gitLocal/incubator-brpc/src/brpc/socket.cpp:1561] Fail to write into Socket{id=0 fd=4 addr=10.11.6.120:60006:46402} (0x1bc5810): Connection reset by peer
W0714 09:41:34.860275 162902 /home/weixiaoxian/gitLocal/incubator-brpc/src/brpc/socket.cpp:1561] Fail to write into Socket{id=0 fd=4 addr=10.11.6.120:60006:46404} (0x21c1a50): Connection reset by peer
W0714 09:41:34.860844 163272 /home/weixiaoxian/gitLocal/incubator-brpc/src/brpc/input_messenger.cpp:214] Fail to read from Socket{id=0 fd=4 addr=10.11.6.120:60006:46406} (0x1653ad0): Connection reset by peer
E0714 09:41:34.900228 163041 /home/weixiaoxian/gitLocal/incubator-brpc/src/bthread/task_group_inl.h:91] _rq is full, capacity=4096
E0714 09:41:34.910163 163047 /home/weixiaoxian/gitLocal/incubator-brpc/src/bthread/task_group_inl.h:91] _rq is full, capacity=4096
E0714 09:41:34.911131 163140 /home/weixiaoxian/gitLocal/incubator-brpc/src/bthread/task_group_inl.h:91] _rq is full, capacity=4096
E0714 09:41:34.918506 163256 /home/weixiaoxian/gitLocal/incubator-brpc/src/bthread/task_group_inl.h:91] _rq is full, capacity=4096
E0714 09:41:34.925350 163196 /home/weixiaoxian/gitLocal/incubator-brpc/src/bthread/task_group_inl.h:91] _rq is full, capacity=4096
E0714 09:41:34.928456 163236 /home/weixiaoxian/gitLocal/incubator-brpc/src/bthread/task_group_inl.h:91] _rq is full, capacity=4096
E0714 09:41:34.932719 162980 /home/weixiaoxian/gitLocal/incubator-brpc/src/bthread/task_group_inl.h:91] _rq is full, capacity=4096
E0714 09:41:34.933860 163067 /home/weixiaoxian/gitLocal/incubator-brpc/src/bthread/task_group_inl.h:91] _rq is full, capacity=4096
E0714 09:41:34.938575 163077 /home/weixiaoxian/gitLocal/incubator-brpc/src/bthread/task_group_inl.h:91] _rq is full, capacity=4096
E0714 09:41:34.939289 163002 /home/weixiaoxian/gitLocal/incubator-brpc/src/bthread/task_group_inl.h:91] _rq is full, capacity=4096
E0714 09:41:34.938958 163190 /home/weixiaoxian/gitLocal/incubator-brpc/src/bthread/task_group_inl.h:91] _rq is full, capacity=4096
E0714 09:41:34.944968 163155 /home/weixiaoxian/gitLocal/incubator-brpc/src/bthread/task_group_inl.h:91] _rq is full, capacity=4096
E0714 09:41:34.944504 163184 /home/weixiaoxian/gitLocal/incubator-brpc/src/bthread/task_group_inl.h:91] _rq is full, capacity=4096
E0714 09:41:34.948689 163251 /home/weixiaoxian/gitLocal/incubator-brpc/src/bthread/task_group_inl.h:91] _rq is full, capacity=4096
E0714 09:41:34.951374 163254 /home/weixiaoxian/gitLocal/incubator-brpc/src/bthread/task_group_inl.h:91] _rq is full, capacity=4096
E0714 09:41:35.493756 162970 /home/weixiaoxian/gitLocal/incubator-brpc/src/bthread/task_group.cpp:672] _remote_rq is full, capacity=2048
E0714 09:41:35.499014 163257 /home/weixiaoxian/gitLocal/incubator-brpc/src/bthread/task_group.cpp:672] _remote_rq is full, capacity=2048
E0714 09:41:35.501818 162952 /home/weixiaoxian/gitLocal/incubator-brpc/src/bthread/task_group.cpp:672] _remote_rq is full, capacity=2048
E0714 09:41:35.508891 162911 /home/weixiaoxian/gitLocal/incubator-brpc/src/bthread/task_group.cpp:672] _remote_rq is full, capacity=2048
E0714 09:41:35.511003 163217 /home/weixiaoxian/gitLocal/incubator-brpc/src/bthread/task_group.cpp:672] _remote_rq is full, capacity=2048
E0714 09:41:35.516142 162987 /home/weixiaoxian/gitLocal/incubator-brpc/src/bthread/task_group.cpp:672] _remote_rq is full, capacity=2048
E0714 09:41:35.533489 163203 /home/weixiaoxian/gitLocal/incubator-brpc/src/bthread/task_group.cpp:672] _remote_rq is full, capacity=2048
E0714 09:41:35.549214 162869 /home/weixiaoxian/gitLocal/incubator-brpc/src/bthread/task_group.cpp:672] _remote_rq is full, capacity=2048
E0714 09:41:35.557847 163017 /home/weixiaoxian/gitLocal/incubator-brpc/src/bthread/task_group.cpp:672] _remote_rq is full, capacity=2048
E0714 09:41:35.584882 163120 /home/weixiaoxian/gitLocal/incubator-brpc/src/bthread/task_group.cpp:672] _remote_rq is full, capacity=2048
E0714 09:41:35.606225 162915 /home/weixiaoxian/gitLocal/incubator-brpc/src/bthread/task_group.cpp:672] _remote_rq is full, capacity=2048
E0714 09:41:35.614397 162895 /home/weixiaoxian/gitLocal/incubator-brpc/src/bthread/task_group.cpp:672] _remote_rq is full, capacity=2048
E0714 09:41:35.615626 162926 /home/weixiaoxian/gitLocal/incubator-brpc/src/bthread/task_group.cpp:672] _remote_rq is full, capacity=2048
E0714 09:41:35.652480 163085 /home/weixiaoxian/gitLocal/incubator-brpc/src/bthread/task_group.cpp:672] _remote_rq is full, capacity=2048
E0714 09:41:35.669674 163098 /home/weixiaoxian/gitLocal/incubator-brpc/src/bthread/task_group.cpp:672] _remote_rq is full, capacity=2048
E0714 09:41:35.668523 162887 /home/weixiaoxian/gitLocal/incubator-brpc/src/bthread/task_group.cpp:672] _remote_rq is full, capacity=2048
E0714 09:41:35.675101 162999 /home/weixiaoxian/gitLocal/incubator-brpc/src/bthread/task_group.cpp:672] _remote_rq is full, capacity=2048
E0714 09:41:35.677065 163267 /home/weixiaoxian/gitLocal/incubator-brpc/src/bthread/task_group.cpp:672] _remote_rq is full, capacity=2048
E0714 09:41:35.682326 162875 /home/weixiaoxian/gitLocal/incubator-brpc/src/bthread/task_group.cpp:672] _remote_rq is full, capacity=2048
E0714 09:41:35.692736 162899 /home/weixiaoxian/gitLocal/incubator-brpc/src/bthread/task_group.cpp:672] _remote_rq is full, capacity=2048
E0714 09:41:35.710633 163025 /home/weixiaoxian/gitLocal/incubator-brpc/src/bthread/task_group.cpp:672] _remote_rq is full, capacity=2048
E0714 09:41:35.719978 162897 /home/weixiaoxian/gitLocal/incubator-brpc/src/bthread/task_group.cpp:672] _remote_rq is full, capacity=2048
E0714 09:41:35.731469 162886 /home/weixiaoxian/gitLocal/incubator-brpc/src/bthread/task_group.cpp:672] _remote_rq is full, capacity=2048
E0714 09:41:35.746323 162874 /home/weixiaoxian/gitLocal/incubator-brpc/src/bthread/task_group.cpp:672] _remote_rq is full, capacity=2048
E0714 09:41:35.756938 163195 /home/weixiaoxian/gitLocal/incubator-brpc/src/bthread/task_group.cpp:672] _remote_rq is full, capacity=2048
E0714 09:41:35.760690 162964 /home/weixiaoxian/gitLocal/incubator-brpc/src/bthread/task_group.cpp:672] _remote_rq is full, capacity=2048
E0714 09:41:35.774257 162919 /home/weixiaoxian/gitLocal/incubator-brpc/src/bthread/task_group.cpp:672] _remote_rq is full, capacity=2048
E0714 09:41:35.779636 163181 /home/weixiaoxian/gitLocal/incubator-brpc/src/bthread/task_group.cpp:672] _remote_rq is full, capacity=2048
E0714 09:41:35.784572 163068 /home/weixiaoxian/gitLocal/incubator-brpc/src/bthread/task_group.cpp:672] _remote_rq is full, capacity=2048
E0714 09:41:35.822279 163062 /home/weixiaoxian/gitLocal/incubator-brpc/src/bthread/task_group.cpp:672] _remote_rq is full, capacity=2048
E0714 09:41:35.858098 162913 /home/weixiaoxian/gitLocal/incubator-brpc/src/bthread/task_group.cpp:672] _remote_rq is full, capacity=2048
E0714 09:41:35.858828 163000 /home/weixiaoxian/gitLocal/incubator-brpc/src/bthread/task_group.cpp:672] _remote_rq is full, capacity=2048
E0714 09:41:35.900737 163041 /home/weixiaoxian/gitLocal/incubator-brpc/src/bthread/task_group_inl.h:91] _rq is full, capacity=4096
E0714 09:41:35.910743 163047 /home/weixiaoxian/gitLocal/incubator-brpc/src/bthread/task_group_inl.h:91] _rq is full, capacity=4096
E0714 09:41:35.911938 163140 /home/weixiaoxian/gitLocal/incubator-brpc/src/bthread/task_group_inl.h:91] _rq is full, capacity=4096
E0714 09:41:35.919485 163256 /home/weixiaoxian/gitLocal/incubator-brpc/src/bthread/task_group_inl.h:91] _rq is full, capacity=4096
E0714 09:41:35.925410 163196 /home/weixiaoxian/gitLocal/incubator-brpc/src/bthread/task_group_inl.h:91] _rq is full, capacity=4096
E0714 09:41:35.928813 163236 /home/weixiaoxian/gitLocal/incubator-brpc/src/bthread/task_group_inl.h:91] _rq is full, capacity=4096
E0714 09:41:35.932990 162980 /home/weixiaoxian/gitLocal/incubator-brpc/src/bthread/task_group_inl.h:91] _rq is full, capacity=4096
E0714 09:41:35.934243 163067 /home/weixiaoxian/gitLocal/incubator-brpc/src/bthread/task_group_inl.h:91] _rq is full, capacity=4096
E0714 09:41:35.938858 163077 /home/weixiaoxian/gitLocal/incubator-brpc/src/bthread/task_group_inl.h:91] _rq is full, capacity=4096
E0714 09:41:35.939651 163002 /home/weixiaoxian/gitLocal/incubator-brpc/src/bthread/task_group_inl.h:91] _rq is full, capacity=4096
E0714 09:41:35.939767 163190 /home/weixiaoxian/gitLocal/incubator-brpc/src/bthread/task_group_inl.h:91] _rq is full, capacity=4096
E0714 09:41:35.944952 163184 /home/weixiaoxian/gitLocal/incubator-brpc/src/bthread/task_group_inl.h:91] _rq is full, capacity=4096
E0714 09:41:35.945013 163155 /home/weixiaoxian/gitLocal/incubator-brpc/src/bthread/task_group_inl.h:91] _rq is full, capacity=4096
E0714 09:41:35.949703 163251 /home/weixiaoxian/gitLocal/incubator-brpc/src/bthread/task_group_inl.h:91] _rq is full, capacity=4096
E0714 09:41:35.951866 163254 /home/weixiaoxian/gitLocal/incubator-brpc/src/bthread/task_group_inl.h:91] _rq is full, capacity=4096
E0714 09:41:36.493861 162970 /home/weixiaoxian/gitLocal/incubator-brpc/src/bthread/task_group.cpp:672] _remote_rq is full, capacity=2048
E0714 09:41:36.500660 162902 /home/weixiaoxian/gitLocal/incubator-brpc/src/bthread/task_group.cpp:672] _remote_rq is full, capacity=2048
E0714 09:41:36.502976 162891 /home/weixiaoxian/gitLocal/incubator-brpc/src/bthread/task_group.cpp:672] _remote_rq is full, capacity=2048
E0714 09:41:36.508521 163118 /home/weixiaoxian/gitLocal/incubator-brpc/src/bthread/task_group.cpp:672] _remote_rq is full, capacity=2048
E0714 09:41:36.512696 162927 /home/weixiaoxian/gitLocal/incubator-brpc/src/bthread/task_group.cpp:672] _remote_rq is full, capacity=2048
E0714 09:41:36.517998 162868 /home/weixiaoxian/gitLocal/incubator-brpc/src/bthread/task_group.cpp:672] _remote_rq is full, capacity=2048
E0714 09:41:36.534420 163203 /home/weixiaoxian/gitLocal/incubator-brpc/src/bthread/task_group.cpp:672] _remote_rq is full, capacity=2048
E0714 09:41:36.549035 162869 /home/weixiaoxian/gitLocal/incubator-brpc/src/bthread/task_group.cpp:672] _remote_rq is full, capacity=2048
E0714 09:41:36.559016 162882 /home/weixiaoxian/gitLocal/incubator-brpc/src/bthread/task_group.cpp:672] _remote_rq is full, capacity=2048
E0714 09:41:36.586308 162921 /home/weixiaoxian/gitLocal/incubator-brpc/src/bthread/task_group.cpp:672] _remote_rq is full, capacity=2048
E0714 09:41:36.605954 163163 /home/weixiaoxian/gitLocal/incubator-brpc/src/bthread/task_group.cpp:672] _remote_rq is full, capacity=2048
E0714 09:41:36.614684 162895 /home/weixiaoxian/gitLocal/incubator-brpc/src/bthread/task_group.cpp:672] _remote_rq is full, capacity=2048
E0714 09:41:36.616133 162926 /home/weixiaoxian/gitLocal/incubator-brpc/src/bthread/task_group.cpp:672] _remote_rq is full, capacity=2048
E0714 09:41:36.652924 163085 /home/weixiaoxian/gitLocal/incubator-brpc/src/bthread/task_group.cpp:672] _remote_rq is full, capacity=2048
E0714 09:41:36.668288 162887 /home/weixiaoxian/gitLocal/incubator-brpc/src/bthread/task_group.cpp:672] _remote_rq is full, capacity=2048
E0714 09:41:36.669855 163098 /home/weixiaoxian/gitLocal/incubator-brpc/src/bthread/task_group.cpp:672] _remote_rq is full, capacity=2048
E0714 09:41:36.675283 162999 /home/weixiaoxian/gitLocal/incubator-brpc/src/bthread/task_group.cpp:672] _remote_rq is full, capacity=2048
E0714 09:41:36.677151 163267 /home/weixiaoxian/gitLocal/incubator-brpc/src/bthread/task_group.cpp:672] _remote_rq is full, capacity=2048
E0714 09:41:36.682452 162875 /home/weixiaoxian/gitLocal/incubator-brpc/src/bthread/task_group.cpp:672] _remote_rq is full, capacity=2048
E0714 09:41:36.692519 163069 /home/weixiaoxian/gitLocal/incubator-brpc/src/bthread/task_group.cpp:672] _remote_rq is full, capacity=2048
E0714 09:41:36.711666 162890 /home/weixiaoxian/gitLocal/incubator-brpc/src/bthread/task_group.cpp:672] _remote_rq is full, capacity=2048
E0714 09:41:36.720234 163065 /home/weixiaoxian/gitLocal/incubator-brpc/src/bthread/task_group.cpp:672] _remote_rq is full, capacity=2048
E0714 09:41:36.731449 163076 /home/weixiaoxian/gitLocal/incubator-brpc/src/bthread/task_group.cpp:672] _remote_rq is full, capacity=2048
E0714 09:41:36.746342 163063 /home/weixiaoxian/gitLocal/incubator-brpc/src/bthread/task_group.cpp:672] _remote_rq is full, capacity=2048
E0714 09:41:36.758380 162867 /home/weixiaoxian/gitLocal/incubator-brpc/src/bthread/task_group.cpp:672] _remote_rq is full, capacity=2048
E0714 09:41:36.761270 162964 /home/weixiaoxian/gitLocal/incubator-brpc/src/bthread/task_group.cpp:672] _remote_rq is full, capacity=2048
E0714 09:41:36.774607 162919 /home/weixiaoxian/gitLocal/incubator-brpc/src/bthread/task_group.cpp:672] _remote_rq is full, capacity=2048
E0714 09:41:36.779830 163181 /home/weixiaoxian/gitLocal/incubator-brpc/src/bthread/task_group.cpp:672] _remote_rq is full, capacity=2048
E0714 09:41:36.785105 163068 /home/weixiaoxian/gitLocal/incubator-brpc/src/bthread/task_group.cpp:672] _remote_rq is full, capacity=2048
E0714 09:41:36.823733 162903 /home/weixiaoxian/gitLocal/incubator-brpc/src/bthread/task_group.cpp:672] _remote_rq is full, capacity=2048
E0714 09:41:36.858642 163121 /home/weixiaoxian/gitLocal/incubator-brpc/src/bthread/task_group.cpp:672] _remote_rq is full, capacity=2048
E0714 09:41:36.858848 162879 /home/weixiaoxian/gitLocal/incubator-brpc/src/bthread/task_group.cpp:672] _remote_rq is full, capacity=2048
E0714 09:41:36.901796 163041 /home/weixiaoxian/gitLocal/incubator-brpc/src/bthread/task_group_inl.h:91] _rq is full, capacity=4096
E0714 09:41:36.911495 163047 /home/weixiaoxian/gitLocal/incubator-brpc/src/bthread/task_group_inl.h:91] _rq is full, capacity=4096
E0714 09:41:36.912945 163140 /home/weixiaoxian/gitLocal/incubator-brpc/src/bthread/task_group_inl.h:91] _rq is full, capacity=4096
E0714 09:41:36.919834 163256 /home/weixiaoxian/gitLocal/incubator-brpc/src/bthread/task_group_inl.h:91] _rq is full, capacity=4096
E0714 09:41:36.925726 163196 /home/weixiaoxian/gitLocal/incubator-brpc/src/bthread/task_group_inl.h:91] _rq is full, capacity=4096
E0714 09:41:36.929155 163236 /home/weixiaoxian/gitLocal/incubator-brpc/src/bthread/task_group_inl.h:91] _rq is full, capacity=4096
E0714 09:41:36.933447 162980 /home/weixiaoxian/gitLocal/incubator-brpc/src/bthread/task_group_inl.h:91] _rq is full, capacity=4096
E0714 09:41:36.934893 163067 /home/weixiaoxian/gitLocal/incubator-brpc/src/bthread/task_group_inl.h:91] _rq is full, capacity=4096
E0714 09:41:36.939356 163077 /home/weixiaoxian/gitLocal/incubator-brpc/src/bthread/task_group_inl.h:91] _rq is full, capacity=4096
E0714 09:41:36.940464 163002 /home/weixiaoxian/gitLocal/incubator-brpc/src/bthread/task_group_inl.h:91] _rq is full, capacity=4096
E0714 09:41:36.940488 163190 /home/weixiaoxian/gitLocal/incubator-brpc/src/bthread/task_group_inl.h:91] _rq is full, capacity=4096
E0714 09:41:36.945388 163155 /home/weixiaoxian/gitLocal/incubator-brpc/src/bthread/task_group_inl.h:91] _rq is full, capacity=4096
E0714 09:41:36.945874 163184 /home/weixiaoxian/gitLocal/incubator-brpc/src/bthread/task_group_inl.h:91] _rq is full, capacity=4096
E0714 09:41:36.950001 163251 /home/weixiaoxian/gitLocal/incubator-brpc/src/bthread/task_group_inl.h:91] _rq is full, capacity=4096
E0714 09:41:36.951856 163254 /home/weixiaoxian/gitLocal/incubator-brpc/src/bthread/task_group_inl.h:91] _rq is full, capacity=4096
E0714 09:41:37.495725 162871 /home/weixiaoxian/gitLocal/incubator-brpc/src/bthread/task_group.cpp:672] _remote_rq is full, capacity=2048
E0714 09:41:37.500259 162902 /home/weixiaoxian/gitLocal/incubator-brpc/src/bthread/task_group.cpp:672] _remote_rq is full, capacity=2048
E0714 09:41:37.502569 162952 /home/weixiaoxian/gitLocal/incubator-brpc/src/bthread/task_group.cpp:672] _remote_rq is full, capacity=2048
E0714 09:41:37.508823 163118 /home/weixiaoxian/gitLocal/incubator-brpc/src/bthread/task_group.cpp:672] _remote_rq is full, capacity=2048
E0714 09:41:37.512206 162927 /home/weixiaoxian/gitLocal/incubator-brpc/src/bthread/task_group.cpp:672] _remote_rq is full, capacity=2048
E0714 09:41:37.518087 162868 /home/weixiaoxian/gitLocal/incubator-brpc/src/bthread/task_group.cpp:672] _remote_rq is full, capacity=2048
E0714 09:41:37.535124 163203 /home/weixiaoxian/gitLocal/incubator-brpc/src/bthread/task_group.cpp:672] _remote_rq is full, capacity=2048
E0714 09:41:37.549092 162869 /home/weixiaoxian/gitLocal/incubator-brpc/src/bthread/task_group.cpp:672] _remote_rq is full, capacity=2048
E0714 09:41:37.558248 163017 /home/weixiaoxian/gitLocal/incubator-brpc/src/bthread/task_group.cpp:672] _remote_rq is full, capacity=2048
E0714 09:41:37.585705 163120 /home/weixiaoxian/gitLocal/incubator-brpc/src/bthread/task_group.cpp:672] _remote_rq is full, capacity=2048
E0714 09:41:37.606199 162915 /home/weixiaoxian/gitLocal/incubator-brpc/src/bthread/task_group.cpp:672] _remote_rq is full, capacity=2048
E0714 09:41:37.615112 163133 /home/weixiaoxian/gitLocal/incubator-brpc/src/bthread/task_group.cpp:672] _remote_rq is full, capacity=2048
E0714 09:41:37.616248 162926 /home/weixiaoxian/gitLocal/incubator-brpc/src/bthread/task_group.cpp:672] _remote_rq is full, capacity=2048
E0714 09:41:37.654642 162896 /home/weixiaoxian/gitLocal/incubator-brpc/src/bthread/task_group.cpp:672] _remote_rq is full, capacity=2048
E0714 09:41:37.668808 162887 /home/weixiaoxian/gitLocal/incubator-brpc/src/bthread/task_group.cpp:672] _remote_rq is full, capacity=2048
E0714 09:41:37.669946 163098 /home/weixiaoxian/gitLocal/incubator-brpc/src/bthread/task_group.cpp:672] _remote_rq is full, capacity=2048
E0714 09:41:37.676083 162999 /home/weixiaoxian/gitLocal/incubator-brpc/src/bthread/task_group.cpp:672] _remote_rq is full, capacity=2048
E0714 09:41:37.678623 162912 /home/weixiaoxian/gitLocal/incubator-brpc/src/bthread/task_group.cpp:672] _remote_rq is full, capacity=2048
E0714 09:41:37.682668 162875 /home/weixiaoxian/gitLocal/incubator-brpc/src/bthread/task_group.cpp:672] _remote_rq is full, capacity=2048
E0714 09:41:37.693052 163069 /home/weixiaoxian/gitLocal/incubator-brpc/src/bthread/task_group.cpp:672] _remote_rq is full, capacity=2048
E0714 09:41:37.710788 163025 /home/weixiaoxian/gitLocal/incubator-brpc/src/bthread/task_group.cpp:672] _remote_rq is full, capacity=2048
E0714 09:41:37.720292 163065 /home/weixiaoxian/gitLocal/incubator-brpc/src/bthread/task_group.cpp:672] _remote_rq is full, capacity=2048
E0714 09:41:37.732027 162886 /home/weixiaoxian/gitLocal/incubator-brpc/src/bthread/task_group.cpp:672] _remote_rq is full, capacity=2048
E0714 09:41:37.747061 162874 /home/weixiaoxian/gitLocal/incubator-brpc/src/bthread/task_group.cpp:672] _remote_rq is full, capacity=2048
E0714 09:41:37.758194 163195 /home/weixiaoxian/gitLocal/incubator-brpc/src/bthread/task_group.cpp:672] _remote_rq is full, capacity=2048
E0714 09:41:37.761461 162964 /home/weixiaoxian/gitLocal/incubator-brpc/src/bthread/task_group.cpp:672] _remote_rq is full, capacity=2048
E0714 09:41:37.775522 163089 /home/weixiaoxian/gitLocal/incubator-brpc/src/bthread/task_group.cpp:672] _remote_rq is full, capacity=2048
E0714 09:41:37.781306 162924 /home/weixiaoxian/gitLocal/incubator-brpc/src/bthread/task_group.cpp:672] _remote_rq is full, capacity=2048
E0714 09:41:37.786780 162907 /home/weixiaoxian/gitLocal/incubator-brpc/src/bthread/task_group.cpp:672] _remote_rq is full, capacity=2048
E0714 09:41:37.822575 163062 /home/weixiaoxian/gitLocal/incubator-brpc/src/bthread/task_group.cpp:672] _remote_rq is full, capacity=2048
E0714 09:41:37.859061 163000 /home/weixiaoxian/gitLocal/incubator-brpc/src/bthread/task_group.cpp:672] _remote_rq is full, capacity=2048
E0714 09:41:37.859058 163121 /home/weixiaoxian/gitLocal/incubator-brpc/src/bthread/task_group.cpp:672] _remote_rq is full, capacity=2048
E0714 09:41:37.902492 163041 /home/weixiaoxian/gitLocal/incubator-brpc/src/bthread/task_group_inl.h:91] _rq is full, capacity=4096
E0714 09:41:37.911567 163047 /home/weixiaoxian/gitLocal/incubator-brpc/src/bthread/task_group_inl.h:91] _rq is full, capacity=4096
E0714 09:41:37.913537 163140 /home/weixiaoxian/gitLocal/incubator-brpc/src/bthread/task_group_inl.h:91] _rq is full, capacity=4096
E0714 09:41:37.919984 163256 /home/weixiaoxian/gitLocal/incubator-brpc/src/bthread/task_group_inl.h:91] _rq is full, capacity=4096
E0714 09:41:37.925796 163196 /home/weixiaoxian/gitLocal/incubator-brpc/src/bthread/task_group_inl.h:91] _rq is full, capacity=4096
E0714 09:41:37.930053 163236 /home/weixiaoxian/gitLocal/incubator-brpc/src/bthread/task_group_inl.h:91] _rq is full, capacity=4096
E0714 09:41:37.934354 162980 /home/weixiaoxian/gitLocal/incubator-brpc/src/bthread/task_group_inl.h:91] _rq is full, capacity=4096
E0714 09:41:37.935345 163067 /home/weixiaoxian/gitLocal/incubator-brpc/src/bthread/task_group_inl.h:91] _rq is full, capacity=4096
E0714 09:41:37.940627 163002 /home/weixiaoxian/gitLocal/incubator-brpc/src/bthread/task_group_inl.h:91] _rq is full, capacity=4096
E0714 09:41:37.939981 163077 /home/weixiaoxian/gitLocal/incubator-brpc/src/bthread/task_group_inl.h:91] _rq is full, capacity=4096
E0714 09:41:37.941456 163190 /home/weixiaoxian/gitLocal/incubator-brpc/src/bthread/task_group_inl.h:91] _rq is full, capacity=4096
E0714 09:41:37.946347 163184 /home/weixiaoxian/gitLocal/incubator-brpc/src/bthread/task_group_inl.h:91] _rq is full, capacity=4096
E0714 09:41:37.946268 163155 /home/weixiaoxian/gitLocal/incubator-brpc/src/bthread/task_group_inl.h:91] _rq is full, capacity=4096
E0714 09:41:37.950322 163251 /home/weixiaoxian/gitLocal/incubator-brpc/src/bthread/task_group_inl.h:91] _rq is full, capacity=4096
E0714 09:41:37.952201 163254 /home/weixiaoxian/gitLocal/incubator-brpc/src/bthread/task_group_inl.h:91] _rq is full, capacity=4096
E0714 09:41:38.494779 162970 /home/weixiaoxian/gitLocal/incubator-brpc/src/bthread/task_group.cpp:672] _remote_rq is full, capacity=2048
E0714 09:41:38.500708 162902 /home/weixiaoxian/gitLocal/incubator-brpc/src/bthread/task_group.cpp:672] _remote_rq is full, capacity=2048
E0714 09:41:38.502700 162952 /home/weixiaoxian/gitLocal/incubator-brpc/src/bthread/task_group.cpp:672] _remote_rq is full, capacity=2048
E0714 09:41:38.509090 163118 /home/weixiaoxian/gitLocal/incubator-brpc/src/bthread/task_group.cpp:672] _remote_rq is full, capacity=2048
E0714 09:41:38.512518 163217 /home/weixiaoxian/gitLocal/incubator-brpc/src/bthread/task_group.cpp:672] _remote_rq is full, capacity=2048
E0714 09:41:38.518156 162868 /home/weixiaoxian/gitLocal/incubator-brpc/src/bthread/task_group.cpp:672] _remote_rq is full, capacity=2048
E0714 09:41:38.535377 163203 /home/weixiaoxian/gitLocal/incubator-brpc/src/bthread/task_group.cpp:672] _remote_rq is full, capacity=2048
E0714 09:41:38.549631 162985 /home/weixiaoxian/gitLocal/incubator-brpc/src/bthread/task_group.cpp:672] _remote_rq is full, capacity=2048
E0714 09:41:38.558576 162882 /home/weixiaoxian/gitLocal/incubator-brpc/src/bthread/task_group.cpp:672] _remote_rq is full, capacity=2048
E0714 09:41:38.585790 162921 /home/weixiaoxian/gitLocal/incubator-brpc/src/bthread/task_group.cpp:672] _remote_rq is full, capacity=2048
E0714 09:41:38.606633 163163 /home/weixiaoxian/gitLocal/incubator-brpc/src/bthread/task_group.cpp:672] _remote_rq is full, capacity=2048
E0714 09:41:38.615450 163133 /home/weixiaoxian/gitLocal/incubator-brpc/src/bthread/task_group.cpp:672] _remote_rq is full, capacity=2048
E0714 09:41:38.616330 163228 /home/weixiaoxian/gitLocal/incubator-brpc/src/bthread/task_group.cpp:672] _remote_rq is full, capacity=2048
E0714 09:41:38.653488 162896 /home/weixiaoxian/gitLocal/incubator-brpc/src/bthread/task_group.cpp:672] _remote_rq is full, capacity=2048
E0714 09:41:38.669229 163028 /home/weixiaoxian/gitLocal/incubator-brpc/src/bthread/task_group.cpp:672] _remote_rq is full, capacity=2048
E0714 09:41:38.671413 162906 /home/weixiaoxian/gitLocal/incubator-brpc/src/bthread/task_group.cpp:672] _remote_rq is full, capacity=2048
E0714 09:41:38.676259 162999 /home/weixiaoxian/gitLocal/incubator-brpc/src/bthread/task_group.cpp:672] _remote_rq is full, capacity=2048
E0714 09:41:38.677756 163267 /home/weixiaoxian/gitLocal/incubator-brpc/src/bthread/task_group.cpp:672] _remote_rq is full, capacity=2048
E0714 09:41:38.682923 162875 /home/weixiaoxian/gitLocal/incubator-brpc/src/bthread/task_group.cpp:672] _remote_rq is full, capacity=2048
E0714 09:41:38.693891 162899 /home/weixiaoxian/gitLocal/incubator-brpc/src/bthread/task_group.cpp:672] _remote_rq is full, capacity=2048
E0714 09:41:38.710818 162890 /home/weixiaoxian/gitLocal/incubator-brpc/src/bthread/task_group.cpp:672] _remote_rq is full, capacity=2048
E0714 09:41:38.720641 162897 /home/weixiaoxian/gitLocal/incubator-brpc/src/bthread/task_group.cpp:672] _remote_rq is full, capacity=2048
E0714 09:41:38.732450 163076 /home/weixiaoxian/gitLocal/incubator-brpc/src/bthread/task_group.cpp:672] _remote_rq is full, capacity=2048
E0714 09:41:38.747287 162874 /home/weixiaoxian/gitLocal/incubator-brpc/src/bthread/task_group.cpp:672] _remote_rq is full, capacity=2048
E0714 09:41:38.758464 162867 /home/weixiaoxian/gitLocal/incubator-brpc/src/bthread/task_group.cpp:672] _remote_rq is full, capacity=2048
E0714 09:41:38.763385 162877 /home/weixiaoxian/gitLocal/incubator-brpc/src/bthread/task_group.cpp:672] _remote_rq is full, capacity=2048
E0714 09:41:38.775964 162919 /home/weixiaoxian/gitLocal/incubator-brpc/src/bthread/task_group.cpp:672] _remote_rq is full, capacity=2048
E0714 09:41:38.780243 162924 /home/weixiaoxian/gitLocal/incubator-brpc/src/bthread/task_group.cpp:672] _remote_rq is full, capacity=2048
E0714 09:41:38.785536 163068 /home/weixiaoxian/gitLocal/incubator-brpc/src/bthread/task_group.cpp:672] _remote_rq is full, capacity=2048
E0714 09:41:38.822899 162903 /home/weixiaoxian/gitLocal/incubator-brpc/src/bthread/task_group.cpp:672] _remote_rq is full, capacity=2048
E0714 09:41:38.859475 163121 /home/weixiaoxian/gitLocal/incubator-brpc/src/bthread/task_group.cpp:672] _remote_rq is full, capacity=2048
E0714 09:41:38.859810 162879 /home/weixiaoxian/gitLocal/incubator-brpc/src/bthread/task_group.cpp:672] _remote_rq is full, capacity=2048
E0714 09:41:38.902916 163041 /home/weixiaoxian/gitLocal/incubator-brpc/src/bthread/task_group_inl.h:91] _rq is full, capacity=4096
E0714 09:41:38.912041 163047 /home/weixiaoxian/gitLocal/incubator-brpc/src/bthread/task_group_inl.h:91] _rq is full, capacity=4096
E0714 09:41:38.914098 163140 /home/weixiaoxian/gitLocal/incubator-brpc/src/bthread/task_group_inl.h:91] _rq is full, capacity=4096
E0714 09:41:38.920314 163256 /home/weixiaoxian/gitLocal/incubator-brpc/src/bthread/task_group_inl.h:91] _rq is full, capacity=4096
E0714 09:41:38.926259 163196 /home/weixiaoxian/gitLocal/incubator-brpc/src/bthread/task_group_inl.h:91] _rq is full, capacity=4096
E0714 09:41:38.930279 163236 /home/weixiaoxian/gitLocal/incubator-brpc/src/bthread/task_group_inl.h:91] _rq is full, capacity=4096
E0714 09:41:38.935340 162980 /home/weixiaoxian/gitLocal/incubator-brpc/src/bthread/task_group_inl.h:91] _rq is full, capacity=4096
E0714 09:41:38.936041 163067 /home/weixiaoxian/gitLocal/incubator-brpc/src/bthread/task_group_inl.h:91] _rq is full, capacity=4096
E0714 09:41:38.940167 163077 /home/weixiaoxian/gitLocal/incubator-brpc/src/bthread/task_group_inl.h:91] _rq is full, capacity=4096
E0714 09:41:38.940708 163002 /home/weixiaoxian/gitLocal/incubator-brpc/src/bthread/task_group_inl.h:91] _rq is full, capacity=4096
E0714 09:41:38.942163 163190 /home/weixiaoxian/gitLocal/incubator-brpc/src/bthread/task_group_inl.h:91] _rq is full, capacity=4096
E0714 09:41:38.946984 163155 /home/weixiaoxian/gitLocal/incubator-brpc/src/bthread/task_group_inl.h:91] _rq is full, capacity=4096
E0714 09:41:38.947024 163184 /home/weixiaoxian/gitLocal/incubator-brpc/src/bthread/task_group_inl.h:91] _rq is full, capacity=4096
E0714 09:41:38.950711 163251 /home/weixiaoxian/gitLocal/incubator-brpc/src/bthread/task_group_inl.h:91] _rq is full, capacity=4096
E0714 09:41:38.953014 163254 /home/weixiaoxian/gitLocal/incubator-brpc/src/bthread/task_group_inl.h:91] _rq is full, capacity=4096
E0714 09:41:39.495142 162970 /home/weixiaoxian/gitLocal/incubator-brpc/src/bthread/task_group.cpp:672] _remote_rq is full, capacity=2048
E0714 09:41:39.501180 162902 /home/weixiaoxian/gitLocal/incubator-brpc/src/bthread/task_group.cpp:672] _remote_rq is full, capacity=2048
E0714 09:41:39.503042 162952 /home/weixiaoxian/gitLocal/incubator-brpc/src/bthread/task_group.cpp:672] _remote_rq is full, capacity=2048
E0714 09:41:39.518233 162987 /home/weixiaoxian/gitLocal/incubator-brpc/src/bthread/task_group.cpp:672] _remote_rq is full, capacity=2048
E0714 09:41:39.509413 163118 /home/weixiaoxian/gitLocal/incubator-brpc/src/bthread/task_group.cpp:672] _remote_rq is full, capacity=2048
E0714 09:41:39.512544 163217 /home/weixiaoxian/gitLocal/incubator-brpc/src/bthread/task_group.cpp:672] _remote_rq is full, capacity=2048
E0714 09:41:39.538053 162918 /home/weixiaoxian/gitLocal/incubator-brpc/src/bthread/task_group.cpp:672] _remote_rq is full, capacity=2048
E0714 09:41:39.550330 162985 /home/weixiaoxian/gitLocal/incubator-brpc/src/bthread/task_group.cpp:672] _remote_rq is full, capacity=2048
E0714 09:41:39.558717 162882 /home/weixiaoxian/gitLocal/incubator-brpc/src/bthread/task_group.cpp:672] _remote_rq is full, capacity=2048
E0714 09:41:39.585795 162921 /home/weixiaoxian/gitLocal/incubator-brpc/src/bthread/task_group.cpp:672] _remote_rq is full, capacity=2048
E0714 09:41:39.606773 162915 /home/weixiaoxian/gitLocal/incubator-brpc/src/bthread/task_group.cpp:672] _remote_rq is full, capacity=2048
E0714 09:41:39.616060 163133 /home/weixiaoxian/gitLocal/incubator-brpc/src/bthread/task_group.cpp:672] _remote_rq is full, capacity=2048
E0714 09:41:39.616991 162926 /home/weixiaoxian/gitLocal/incubator-brpc/src/bthread/task_group.cpp:672] _remote_rq is full, capacity=2048
E0714 09:41:39.653909 163085 /home/weixiaoxian/gitLocal/incubator-brpc/src/bthread/task_group.cpp:672] _remote_rq is full, capacity=2048
E0714 09:41:39.669343 162887 /home/weixiaoxian/gitLocal/incubator-brpc/src/bthread/task_group.cpp:672] _remote_rq is full, capacity=2048
E0714 09:41:39.670521 162906 /home/weixiaoxian/gitLocal/incubator-brpc/src/bthread/task_group.cpp:672] _remote_rq is full, capacity=2048
E0714 09:41:39.676287 162883 /home/weixiaoxian/gitLocal/incubator-brpc/src/bthread/task_group.cpp:672] _remote_rq is full, capacity=2048
E0714 09:41:39.678228 163267 /home/weixiaoxian/gitLocal/incubator-brpc/src/bthread/task_group.cpp:672] _remote_rq is full, capacity=2048
E0714 09:41:39.682955 162875 /home/weixiaoxian/gitLocal/incubator-brpc/src/bthread/task_group.cpp:672] _remote_rq is full, capacity=2048
E0714 09:41:39.694015 163069 /home/weixiaoxian/gitLocal/incubator-brpc/src/bthread/task_group.cpp:672] _remote_rq is full, capacity=2048
E0714 09:41:39.711328 163025 /home/weixiaoxian/gitLocal/incubator-brpc/src/bthread/task_group.cpp:672] _remote_rq is full, capacity=2048
E0714 09:41:39.721576 162897 /home/weixiaoxian/gitLocal/incubator-brpc/src/bthread/task_group.cpp:672] _remote_rq is full, capacity=2048
E0714 09:41:39.732819 163076 /home/weixiaoxian/gitLocal/incubator-brpc/src/bthread/task_group.cpp:672] _remote_rq is full, capacity=2048
E0714 09:41:39.747398 163063 /home/weixiaoxian/gitLocal/incubator-brpc/src/bthread/task_group.cpp:672] _remote_rq is full, capacity=2048
E0714 09:41:39.758660 162867 /home/weixiaoxian/gitLocal/incubator-brpc/src/bthread/task_group.cpp:672] _remote_rq is full, capacity=2048
E0714 09:41:39.761725 162964 /home/weixiaoxian/gitLocal/incubator-brpc/src/bthread/task_group.cpp:672] _remote_rq is full, capacity=2048
E0714 09:41:39.776736 162919 /home/weixiaoxian/gitLocal/incubator-brpc/src/bthread/task_group.cpp:672] _remote_rq is full, capacity=2048
E0714 09:41:39.780242 163181 /home/weixiaoxian/gitLocal/incubator-brpc/src/bthread/task_group.cpp:672] _remote_rq is full, capacity=2048
E0714 09:41:39.785556 163068 /home/weixiaoxian/gitLocal/incubator-brpc/src/bthread/task_group.cpp:672] _remote_rq is full, capacity=2048
E0714 09:41:39.823261 162903 /home/weixiaoxian/gitLocal/incubator-brpc/src/bthread/task_group.cpp:672] _remote_rq is full, capacity=2048
E0714 09:41:39.859773 163121 /home/weixiaoxian/gitLocal/incubator-brpc/src/bthread/task_group.cpp:672] _remote_rq is full, capacity=2048
E0714 09:41:39.860601 163000 /home/weixiaoxian/gitLocal/incubator-brpc/src/bthread/task_group.cpp:672] _remote_rq is full, capacity=2048
E0714 09:41:39.903562 163041 /home/weixiaoxian/gitLocal/incubator-brpc/src/bthread/task_group_inl.h:91] _rq is full, capacity=4096
E0714 09:41:39.913059 163047 /home/weixiaoxian/gitLocal/incubator-brpc/src/bthread/task_group_inl.h:91] _rq is full, capacity=4096
E0714 09:41:39.914794 163140 /home/weixiaoxian/gitLocal/incubator-brpc/src/bthread/task_group_inl.h:91] _rq is full, capacity=4096
E0714 09:41:39.920944 163256 /home/weixiaoxian/gitLocal/incubator-brpc/src/bthread/task_group_inl.h:91] _rq is full, capacity=4096
E0714 09:41:39.927042 163196 /home/weixiaoxian/gitLocal/incubator-brpc/src/bthread/task_group_inl.h:91] _rq is full, capacity=4096
E0714 09:41:39.931353 163236 /home/weixiaoxian/gitLocal/incubator-brpc/src/bthread/task_group_inl.h:91] _rq is full, capacity=4096
E0714 09:41:39.936853 163067 /home/weixiaoxian/gitLocal/incubator-brpc/src/bthread/task_group_inl.h:91] _rq is full, capacity=4096
E0714 09:41:39.935786 162980 /home/weixiaoxian/gitLocal/incubator-brpc/src/bthread/task_group_inl.h:91] _rq is full, capacity=4096
E0714 09:41:39.941117 163077 /home/weixiaoxian/gitLocal/incubator-brpc/src/bthread/task_group_inl.h:91] _rq is full, capacity=4096
E0714 09:41:39.941708 163002 /home/weixiaoxian/gitLocal/incubator-brpc/src/bthread/task_group_inl.h:91] _rq is full, capacity=4096
E0714 09:41:39.942632 163190 /home/weixiaoxian/gitLocal/incubator-brpc/src/bthread/task_group_inl.h:91] _rq is full, capacity=4096
E0714 09:41:39.947598 163184 /home/weixiaoxian/gitLocal/incubator-brpc/src/bthread/task_group_inl.h:91] _rq is full, capacity=4096
E0714 09:41:39.947900 163155 /home/weixiaoxian/gitLocal/incubator-brpc/src/bthread/task_group_inl.h:91] _rq is full, capacity=4096
E0714 09:41:39.950984 163251 /home/weixiaoxian/gitLocal/incubator-brpc/src/bthread/task_group_inl.h:91] _rq is full, capacity=4096
E0714 09:41:39.953792 163254 /home/weixiaoxian/gitLocal/incubator-brpc/src/bthread/task_group_inl.h:91] _rq is full, capacity=4096
E0714 09:41:40.495277 162871 /home/weixiaoxian/gitLocal/incubator-brpc/src/bthread/task_group.cpp:672] _remote_rq is full, capacity=2048
E0714 09:41:40.501817 163257 /home/weixiaoxian/gitLocal/incubator-brpc/src/bthread/task_group.cpp:672] _remote_rq is full, capacity=2048
E0714 09:41:40.503238 162891 /home/weixiaoxian/gitLocal/incubator-brpc/src/bthread/task_group.cpp:672] _remote_rq is full, capacity=2048
E0714 09:41:40.509878 163118 /home/weixiaoxian/gitLocal/incubator-brpc/src/bthread/task_group.cpp:672] _remote_rq is full, capacity=2048
E0714 09:41:40.512748 162927 /home/weixiaoxian/gitLocal/incubator-brpc/src/bthread/task_group.cpp:672] _remote_rq is full, capacity=2048
E0714 09:41:40.518768 162868 /home/weixiaoxian/gitLocal/incubator-brpc/src/bthread/task_group.cpp:672] _remote_rq is full, capacity=2048
E0714 09:41:40.536919 163203 /home/weixiaoxian/gitLocal/incubator-brpc/src/bthread/task_group.cpp:672] _remote_rq is full, capacity=2048
E0714 09:41:40.550587 162869 /home/weixiaoxian/gitLocal/incubator-brpc/src/bthread/task_group.cpp:672] _remote_rq is full, capacity=2048
E0714 09:41:40.559450 163017 /home/weixiaoxian/gitLocal/incubator-brpc/src/bthread/task_group.cpp:672] _remote_rq is full, capacity=2048
E0714 09:41:40.585908 163120 /home/weixiaoxian/gitLocal/incubator-brpc/src/bthread/task_group.cpp:672] _remote_rq is full, capacity=2048
E0714 09:41:40.607448 163163 /home/weixiaoxian/gitLocal/incubator-brpc/src/bthread/task_group.cpp:672] _remote_rq is full, capacity=2048
E0714 09:41:40.617008 162926 /home/weixiaoxian/gitLocal/incubator-brpc/src/bthread/task_group.cpp:672] _remote_rq is full, capacity=2048
E0714 09:41:40.616139 162895 /home/weixiaoxian/gitLocal/incubator-brpc/src/bthread/task_group.cpp:672] _remote_rq is full, capacity=2048
E0714 09:41:40.653913 162896 /home/weixiaoxian/gitLocal/incubator-brpc/src/bthread/task_group.cpp:672] _remote_rq is full, capacity=2048
E0714 09:41:40.669656 162887 /home/weixiaoxian/gitLocal/incubator-brpc/src/bthread/task_group.cpp:672] _remote_rq is full, capacity=2048
E0714 09:41:40.670721 162906 /home/weixiaoxian/gitLocal/incubator-brpc/src/bthread/task_group.cpp:672] _remote_rq is full, capacity=2048
E0714 09:41:40.676690 162883 /home/weixiaoxian/gitLocal/incubator-brpc/src/bthread/task_group.cpp:672] _remote_rq is full, capacity=2048
E0714 09:41:40.678805 163267 /home/weixiaoxian/gitLocal/incubator-brpc/src/bthread/task_group.cpp:672] _remote_rq is full, capacity=2048
E0714 09:41:40.683346 163046 /home/weixiaoxian/gitLocal/incubator-brpc/src/bthread/task_group.cpp:672] _remote_rq is full, capacity=2048
E0714 09:41:40.694123 163069 /home/weixiaoxian/gitLocal/incubator-brpc/src/bthread/task_group.cpp:672] _remote_rq is full, capacity=2048
E0714 09:41:40.711403 163025 /home/weixiaoxian/gitLocal/incubator-brpc/src/bthread/task_group.cpp:672] _remote_rq is full, capacity=2048
E0714 09:41:40.721830 162897 /home/weixiaoxian/gitLocal/incubator-brpc/src/bthread/task_group.cpp:672] _remote_rq is full, capacity=2048
E0714 09:41:40.733303 163076 /home/weixiaoxian/gitLocal/incubator-brpc/src/bthread/task_group.cpp:672] _remote_rq is full, capacity=2048
E0714 09:41:40.748089 162874 /home/weixiaoxian/gitLocal/incubator-brpc/src/bthread/task_group.cpp:672] _remote_rq is full, capacity=2048
E0714 09:41:40.758732 163195 /home/weixiaoxian/gitLocal/incubator-brpc/src/bthread/task_group.cpp:672] _remote_rq is full, capacity=2048
E0714 09:41:40.761794 162964 /home/weixiaoxian/gitLocal/incubator-brpc/src/bthread/task_group.cpp:672] _remote_rq is full, capacity=2048
E0714 09:41:40.776835 163089 /home/weixiaoxian/gitLocal/incubator-brpc/src/bthread/task_group.cpp:672] _remote_rq is full, capacity=2048
E0714 09:41:40.780647 162924 /home/weixiaoxian/gitLocal/incubator-brpc/src/bthread/task_group.cpp:672] _remote_rq is full, capacity=2048
E0714 09:41:40.785908 162907 /home/weixiaoxian/gitLocal/incubator-brpc/src/bthread/task_group.cpp:672] _remote_rq is full, capacity=2048
E0714 09:41:40.823303 163062 /home/weixiaoxian/gitLocal/incubator-brpc/src/bthread/task_group.cpp:672] _remote_rq is full, capacity=2048
E0714 09:41:40.860626 162879 /home/weixiaoxian/gitLocal/incubator-brpc/src/bthread/task_group.cpp:672] _remote_rq is full, capacity=2048
E0714 09:41:40.860626 162913 /home/weixiaoxian/gitLocal/incubator-brpc/src/bthread/task_group.cpp:672] _remote_rq is full, capacity=2048
E0714 09:41:40.904323 163041 /home/weixiaoxian/gitLocal/incubator-brpc/src/bthread/task_group_inl.h:91] _rq is full, capacity=4096
E0714 09:41:40.913574 163047 /home/weixiaoxian/gitLocal/incubator-brpc/src/bthread/task_group_inl.h:91] _rq is full, capacity=4096
E0714 09:41:40.915380 163140 /home/weixiaoxian/gitLocal/incubator-brpc/src/bthread/task_group_inl.h:91] _rq is full, capacity=4096
E0714 09:41:40.921507 163256 /home/weixiaoxian/gitLocal/incubator-brpc/src/bthread/task_group_inl.h:91] _rq is full, capacity=4096
E0714 09:41:40.927809 163196 /home/weixiaoxian/gitLocal/incubator-brpc/src/bthread/task_group_inl.h:91] _rq is full, capacity=4096
E0714 09:41:40.931720 163236 /home/weixiaoxian/gitLocal/incubator-brpc/src/bthread/task_group_inl.h:91] _rq is full, capacity=4096
E0714 09:41:40.936718 162980 /home/weixiaoxian/gitLocal/incubator-brpc/src/bthread/task_group_inl.h:91] _rq is full, capacity=4096
E0714 09:41:40.937796 163067 /home/weixiaoxian/gitLocal/incubator-brpc/src/bthread/task_group_inl.h:91] _rq is full, capacity=4096
E0714 09:41:40.941571 163077 /home/weixiaoxian/gitLocal/incubator-brpc/src/bthread/task_group_inl.h:91] _rq is full, capacity=4096
E0714 09:41:40.942633 163190 /home/weixiaoxian/gitLocal/incubator-brpc/src/bthread/task_group_inl.h:91] _rq is full, capacity=4096
E0714 09:41:40.942555 163002 /home/weixiaoxian/gitLocal/incubator-brpc/src/bthread/task_group_inl.h:91] _rq is full, capacity=4096
E0714 09:41:40.948701 163155 /home/weixiaoxian/gitLocal/incubator-brpc/src/bthread/task_group_inl.h:91] _rq is full, capacity=4096
E0714 09:41:40.948433 163184 /home/weixiaoxian/gitLocal/incubator-brpc/src/bthread/task_group_inl.h:91] _rq is full, capacity=4096
E0714 09:41:40.951405 163251 /home/weixiaoxian/gitLocal/incubator-brpc/src/bthread/task_group_inl.h:91] _rq is full, capacity=4096
E0714 09:41:40.954186 163254 /home/weixiaoxian/gitLocal/incubator-brpc/src/bthread/task_group_inl.h:91] _rq is full, capacity=4096
E0714 09:41:41.495573 162871 /home/weixiaoxian/gitLocal/incubator-brpc/src/bthread/task_group.cpp:672] _remote_rq is full, capacity=2048
E0714 09:41:41.501934 162902 /home/weixiaoxian/gitLocal/incubator-brpc/src/bthread/task_group.cpp:672] _remote_rq is full, capacity=2048
E0714 09:41:41.503334 162952 /home/weixiaoxian/gitLocal/incubator-brpc/src/bthread/task_group.cpp:672] _remote_rq is full, capacity=2048
E0714 09:41:41.509876 162911 /home/weixiaoxian/gitLocal/incubator-brpc/src/bthread/task_group.cpp:672] _remote_rq is full, capacity=2048
E0714 09:41:41.513157 163217 /home/weixiaoxian/gitLocal/incubator-brpc/src/bthread/task_group.cpp:672] _remote_rq is full, capacity=2048
E0714 09:41:41.519543 162868 /home/weixiaoxian/gitLocal/incubator-brpc/src/bthread/task_group.cpp:672] _remote_rq is full, capacity=2048
E0714 09:41:41.537584 163203 /home/weixiaoxian/gitLocal/incubator-brpc/src/bthread/task_group.cpp:672] _remote_rq is full, capacity=2048
E0714 09:41:41.550746 162985 /home/weixiaoxian/gitLocal/incubator-brpc/src/bthread/task_group.cpp:672] _remote_rq is full, capacity=2048
E0714 09:41:41.560266 163017 /home/weixiaoxian/gitLocal/incubator-brpc/src/bthread/task_group.cpp:672] _remote_rq is full, capacity=2048
E0714 09:41:41.586251 162921 /home/weixiaoxian/gitLocal/incubator-brpc/src/bthread/task_group.cpp:672] _remote_rq is full, capacity=2048
E0714 09:41:41.608070 163163 /home/weixiaoxian/gitLocal/incubator-brpc/src/bthread/task_group.cpp:672] _remote_rq is full, capacity=2048
E0714 09:41:41.616367 163133 /home/weixiaoxian/gitLocal/incubator-brpc/src/bthread/task_group.cpp:672] _remote_rq is full, capacity=2048
E0714 09:41:41.617451 163228 /home/weixiaoxian/gitLocal/incubator-brpc/src/bthread/task_group.cpp:672] _remote_rq is full, capacity=2048
E0714 09:41:41.654041 162896 /home/weixiaoxian/gitLocal/incubator-brpc/src/bthread/task_group.cpp:672] _remote_rq is full, capacity=2048
E0714 09:41:41.669713 163028 /home/weixiaoxian/gitLocal/incubator-brpc/src/bthread/task_group.cpp:672] _remote_rq is full, capacity=2048
E0714 09:41:41.670956 162906 /home/weixiaoxian/gitLocal/incubator-brpc/src/bthread/task_group.cpp:672] _remote_rq is full, capacity=2048
E0714 09:41:41.677132 162883 /home/weixiaoxian/gitLocal/incubator-brpc/src/bthread/task_group.cpp:672] _remote_rq is full, capacity=2048
E0714 09:41:41.679018 163267 /home/weixiaoxian/gitLocal/incubator-brpc/src/bthread/task_group.cpp:672] _remote_rq is full, capacity=2048
E0714 09:41:41.683364 162875 /home/weixiaoxian/gitLocal/incubator-brpc/src/bthread/task_group.cpp:672] _remote_rq is full, capacity=2048
E0714 09:41:41.694332 162899 /home/weixiaoxian/gitLocal/incubator-brpc/src/bthread/task_group.cpp:672] _remote_rq is full, capacity=2048
E0714 09:41:41.711661 163025 /home/weixiaoxian/gitLocal/incubator-brpc/src/bthread/task_group.cpp:672] _remote_rq is full, capacity=2048
E0714 09:41:41.722167 163065 /home/weixiaoxian/gitLocal/incubator-brpc/src/bthread/task_group.cpp:672] _remote_rq is full, capacity=2048
E0714 09:41:41.733498 162886 /home/weixiaoxian/gitLocal/incubator-brpc/src/bthread/task_group.cpp:672] _remote_rq is full, capacity=2048
E0714 09:41:41.748109 163063 /home/weixiaoxian/gitLocal/incubator-brpc/src/bthread/task_group.cpp:672] _remote_rq is full, capacity=2048
E0714 09:41:41.758949 162867 /home/weixiaoxian/gitLocal/incubator-brpc/src/bthread/task_group.cpp:672] _remote_rq is full, capacity=2048
E0714 09:41:41.761949 162964 /home/weixiaoxian/gitLocal/incubator-brpc/src/bthread/task_group.cpp:672] _remote_rq is full, capacity=2048
E0714 09:41:41.776863 163089 /home/weixiaoxian/gitLocal/incubator-brpc/src/bthread/task_group.cpp:672] _remote_rq is full, capacity=2048
E0714 09:41:41.780933 163181 /home/weixiaoxian/gitLocal/incubator-brpc/src/bthread/task_group.cpp:672] _remote_rq is full, capacity=2048
E0714 09:41:41.786060 162907 /home/weixiaoxian/gitLocal/incubator-brpc/src/bthread/task_group.cpp:672] _remote_rq is full, capacity=2048
E0714 09:41:41.823530 162903 /home/weixiaoxian/gitLocal/incubator-brpc/src/bthread/task_group.cpp:672] _remote_rq is full, capacity=2048
E0714 09:41:41.861009 163121 /home/weixiaoxian/gitLocal/incubator-brpc/src/bthread/task_group.cpp:672] _remote_rq is full, capacity=2048
E0714 09:41:41.861212 162879 /home/weixiaoxian/gitLocal/incubator-brpc/src/bthread/task_group.cpp:672] _remote_rq is full, capacity=2048
E0714 09:41:41.904322 163041 /home/weixiaoxian/gitLocal/incubator-brpc/src/bthread/task_group_inl.h:91] _rq is full, capacity=4096
E0714 09:41:41.913788 163047 /home/weixiaoxian/gitLocal/incubator-brpc/src/bthread/task_group_inl.h:91] _rq is full, capacity=4096
E0714 09:41:41.916052 163140 /home/weixiaoxian/gitLocal/incubator-brpc/src/bthread/task_group_inl.h:91] _rq is full, capacity=4096
E0714 09:41:41.922270 163256 /home/weixiaoxian/gitLocal/incubator-brpc/src/bthread/task_group_inl.h:91] _rq is full, capacity=4096
E0714 09:41:41.928248 163196 /home/weixiaoxian/gitLocal/incubator-brpc/src/bthread/task_group_inl.h:91] _rq is full, capacity=4096
E0714 09:41:41.932733 163236 /home/weixiaoxian/gitLocal/incubator-brpc/src/bthread/task_group_inl.h:91] _rq is full, capacity=4096
E0714 09:41:41.937396 162980 /home/weixiaoxian/gitLocal/incubator-brpc/src/bthread/task_group_inl.h:91] _rq is full, capacity=4096
E0714 09:41:41.938564 163067 /home/weixiaoxian/gitLocal/incubator-brpc/src/bthread/task_group_inl.h:91] _rq is full, capacity=4096
E0714 09:41:41.941676 163077 /home/weixiaoxian/gitLocal/incubator-brpc/src/bthread/task_group_inl.h:91] _rq is full, capacity=4096
E0714 09:41:41.942979 163190 /home/weixiaoxian/gitLocal/incubator-brpc/src/bthread/task_group_inl.h:91] _rq is full, capacity=4096
E0714 09:41:41.943458 163002 /home/weixiaoxian/gitLocal/incubator-brpc/src/bthread/task_group_inl.h:91] _rq is full, capacity=4096
E0714 09:41:41.949144 163184 /home/weixiaoxian/gitLocal/incubator-brpc/src/bthread/task_group_inl.h:91] _rq is full, capacity=4096
E0714 09:41:41.949750 163155 /home/weixiaoxian/gitLocal/incubator-brpc/src/bthread/task_group_inl.h:91] _rq is full, capacity=4096
E0714 09:41:41.952072 163251 /home/weixiaoxian/gitLocal/incubator-brpc/src/bthread/task_group_inl.h:91] _rq is full, capacity=4096
E0714 09:41:41.954216 163254 /home/weixiaoxian/gitLocal/incubator-brpc/src/bthread/task_group_inl.h:91] _rq is full, capacity=4096
E0714 09:41:42.495674 162871 /home/weixiaoxian/gitLocal/incubator-brpc/src/bthread/task_group.cpp:672] _remote_rq is full, capacity=2048
E0714 09:41:42.503656 162952 /home/weixiaoxian/gitLocal/incubator-brpc/src/bthread/task_group.cpp:672] _remote_rq is full, capacity=2048
E0714 09:41:42.502948 163257 /home/weixiaoxian/gitLocal/incubator-brpc/src/bthread/task_group.cpp:672] _remote_rq is full, capacity=2048
E0714 09:41:42.510207 163118 /home/weixiaoxian/gitLocal/incubator-brpc/src/bthread/task_group.cpp:672] _remote_rq is full, capacity=2048
E0714 09:41:42.513523 162927 /home/weixiaoxian/gitLocal/incubator-brpc/src/bthread/task_group.cpp:672] _remote_rq is full, capacity=2048
E0714 09:41:42.519792 162987 /home/weixiaoxian/gitLocal/incubator-brpc/src/bthread/task_group.cpp:672] _remote_rq is full, capacity=2048
E0714 09:41:42.537662 162918 /home/weixiaoxian/gitLocal/incubator-brpc/src/bthread/task_group.cpp:672] _remote_rq is full, capacity=2048
E0714 09:41:42.550938 162869 /home/weixiaoxian/gitLocal/incubator-brpc/src/bthread/task_group.cpp:672] _remote_rq is full, capacity=2048
E0714 09:41:42.560412 163017 /home/weixiaoxian/gitLocal/incubator-brpc/src/bthread/task_group.cpp:672] _remote_rq is full, capacity=2048
E0714 09:41:42.586574 163120 /home/weixiaoxian/gitLocal/incubator-brpc/src/bthread/task_group.cpp:672] _remote_rq is full, capacity=2048
E0714 09:41:42.608379 163163 /home/weixiaoxian/gitLocal/incubator-brpc/src/bthread/task_group.cpp:672] _remote_rq is full, capacity=2048
E0714 09:41:42.616763 162895 /home/weixiaoxian/gitLocal/incubator-brpc/src/bthread/task_group.cpp:672] _remote_rq is full, capacity=2048
E0714 09:41:42.617569 163228 /home/weixiaoxian/gitLocal/incubator-brpc/src/bthread/task_group.cpp:672] _remote_rq is full, capacity=2048
E0714 09:41:42.654499 163085 /home/weixiaoxian/gitLocal/incubator-brpc/src/bthread/task_group.cpp:672] _remote_rq is full, capacity=2048
E0714 09:41:42.670170 163028 /home/weixiaoxian/gitLocal/incubator-brpc/src/bthread/task_group.cpp:672] _remote_rq is full, capacity=2048
E0714 09:41:42.671702 163098 /home/weixiaoxian/gitLocal/incubator-brpc/src/bthread/task_group.cpp:672] _remote_rq is full, capacity=2048
E0714 09:41:42.677448 162883 /home/weixiaoxian/gitLocal/incubator-brpc/src/bthread/task_group.cpp:672] _remote_rq is full, capacity=2048
E0714 09:41:42.679043 163267 /home/weixiaoxian/gitLocal/incubator-brpc/src/bthread/task_group.cpp:672] _remote_rq is full, capacity=2048
E0714 09:41:42.683834 163046 /home/weixiaoxian/gitLocal/incubator-brpc/src/bthread/task_group.cpp:672] _remote_rq is full, capacity=2048
E0714 09:41:42.694574 163069 /home/weixiaoxian/gitLocal/incubator-brpc/src/bthread/task_group.cpp:672] _remote_rq is full, capacity=2048
E0714 09:41:42.711906 163025 /home/weixiaoxian/gitLocal/incubator-brpc/src/bthread/task_group.cpp:672] _remote_rq is full, capacity=2048
E0714 09:41:42.722263 163065 /home/weixiaoxian/gitLocal/incubator-brpc/src/bthread/task_group.cpp:672] _remote_rq is full, capacity=2048
E0714 09:41:42.734316 163076 /home/weixiaoxian/gitLocal/incubator-brpc/src/bthread/task_group.cpp:672] _remote_rq is full, capacity=2048
E0714 09:41:42.749072 163063 /home/weixiaoxian/gitLocal/incubator-brpc/src/bthread/task_group.cpp:672] _remote_rq is full, capacity=2048
E0714 09:41:42.759257 163195 /home/weixiaoxian/gitLocal/incubator-brpc/src/bthread/task_group.cpp:672] _remote_rq is full, capacity=2048
E0714 09:41:42.761989 162877 /home/weixiaoxian/gitLocal/incubator-brpc/src/bthread/task_group.cpp:672] _remote_rq is full, capacity=2048
E0714 09:41:42.776994 163089 /home/weixiaoxian/gitLocal/incubator-brpc/src/bthread/task_group.cpp:672] _remote_rq is full, capacity=2048
E0714 09:41:42.781107 163181 /home/weixiaoxian/gitLocal/incubator-brpc/src/bthread/task_group.cpp:672] _remote_rq is full, capacity=2048
E0714 09:41:42.786154 162907 /home/weixiaoxian/gitLocal/incubator-brpc/src/bthread/task_group.cpp:672] _remote_rq is full, capacity=2048
E0714 09:41:42.823534 162903 /home/weixiaoxian/gitLocal/incubator-brpc/src/bthread/task_group.cpp:672] _remote_rq is full, capacity=2048
E0714 09:41:42.861439 162879 /home/weixiaoxian/gitLocal/incubator-brpc/src/bthread/task_group.cpp:672] _remote_rq is full, capacity=2048
E0714 09:41:42.861310 162913 /home/weixiaoxian/gitLocal/incubator-brpc/src/bthread/task_group.cpp:672] _remote_rq is full, capacity=2048
E0714 09:41:42.905262 163041 /home/weixiaoxian/gitLocal/incubator-brpc/src/bthread/task_group_inl.h:91] _rq is full, capacity=4096
E0714 09:41:42.914515 163047 /home/weixiaoxian/gitLocal/incubator-brpc/src/bthread/task_group_inl.h:91] _rq is full, capacity=4096
E0714 09:41:42.916961 163140 /home/weixiaoxian/gitLocal/incubator-brpc/src/bthread/task_group_inl.h:91] _rq is full, capacity=4096
E0714 09:41:42.922465 163256 /home/weixiaoxian/gitLocal/incubator-brpc/src/bthread/task_group_inl.h:91] _rq is full, capacity=4096
E0714 09:41:42.928473 163196 /home/weixiaoxian/gitLocal/incubator-brpc/src/bthread/task_group_inl.h:91] _rq is full, capacity=4096
E0714 09:41:42.933369 163236 /home/weixiaoxian/gitLocal/incubator-brpc/src/bthread/task_group_inl.h:91] _rq is full, capacity=4096
E0714 09:41:42.937518 162980 /home/weixiaoxian/gitLocal/incubator-brpc/src/bthread/task_group_inl.h:91] _rq is full, capacity=4096
E0714 09:41:42.938807 163067 /home/weixiaoxian/gitLocal/incubator-brpc/src/bthread/task_group_inl.h:91] _rq is full, capacity=4096
E0714 09:41:42.942464 163077 /home/weixiaoxian/gitLocal/incubator-brpc/src/bthread/task_group_inl.h:91] _rq is full, capacity=4096
E0714 09:41:42.944021 163190 /home/weixiaoxian/gitLocal/incubator-brpc/src/bthread/task_group_inl.h:91] _rq is full, capacity=4096
E0714 09:41:42.944239 163002 /home/weixiaoxian/gitLocal/incubator-brpc/src/bthread/task_group_inl.h:91] _rq is full, capacity=4096
E0714 09:41:42.949681 163184 /home/weixiaoxian/gitLocal/incubator-brpc/src/bthread/task_group_inl.h:91] _rq is full, capacity=4096
E0714 09:41:42.949900 163155 /home/weixiaoxian/gitLocal/incubator-brpc/src/bthread/task_group_inl.h:91] _rq is full, capacity=4096
E0714 09:41:42.952730 163251 /home/weixiaoxian/gitLocal/incubator-brpc/src/bthread/task_group_inl.h:91] _rq is full, capacity=4096
E0714 09:41:42.955008 163254 /home/weixiaoxian/gitLocal/incubator-brpc/src/bthread/task_group_inl.h:91] _rq is full, capacity=4096
E0714 09:41:43.495794 162871 /home/weixiaoxian/gitLocal/incubator-brpc/src/bthread/task_group.cpp:672] _remote_rq is full, capacity=2048
E0714 09:41:43.503284 162902 /home/weixiaoxian/gitLocal/incubator-brpc/src/bthread/task_group.cpp:672] _remote_rq is full, capacity=2048
E0714 09:41:43.504287 162891 /home/weixiaoxian/gitLocal/incubator-brpc/src/bthread/task_group.cpp:672] _remote_rq is full, capacity=2048
E0714 09:41:43.510260 162911 /home/weixiaoxian/gitLocal/incubator-brpc/src/bthread/task_group.cpp:672] _remote_rq is full, capacity=2048
E0714 09:41:43.513612 162927 /home/weixiaoxian/gitLocal/incubator-brpc/src/bthread/task_group.cpp:672] _remote_rq is full, capacity=2048
E0714 09:41:43.519902 162987 /home/weixiaoxian/gitLocal/incubator-brpc/src/bthread/task_group.cpp:672] _remote_rq is full, capacity=2048
E0714 09:41:43.537897 163203 /home/weixiaoxian/gitLocal/incubator-brpc/src/bthread/task_group.cpp:672] _remote_rq is full, capacity=2048
E0714 09:41:43.550971 162985 /home/weixiaoxian/gitLocal/incubator-brpc/src/bthread/task_group.cpp:672] _remote_rq is full, capacity=2048
E0714 09:41:43.561321 162882 /home/weixiaoxian/gitLocal/incubator-brpc/src/bthread/task_group.cpp:672] _remote_rq is full, capacity=2048
E0714 09:41:43.586658 163120 /home/weixiaoxian/gitLocal/incubator-brpc/src/bthread/task_group.cpp:672] _remote_rq is full, capacity=2048
E0714 09:41:43.608681 163163 /home/weixiaoxian/gitLocal/incubator-brpc/src/bthread/task_group.cpp:672] _remote_rq is full, capacity=2048
E0714 09:41:43.616770 162895 /home/weixiaoxian/gitLocal/incubator-brpc/src/bthread/task_group.cpp:672] _remote_rq is full, capacity=2048
E0714 09:41:43.617590 162926 /home/weixiaoxian/gitLocal/incubator-brpc/src/bthread/task_group.cpp:672] _remote_rq is full, capacity=2048
E0714 09:41:43.654674 163085 /home/weixiaoxian/gitLocal/incubator-brpc/src/bthread/task_group.cpp:672] _remote_rq is full, capacity=2048
E0714 09:41:43.670344 162887 /home/weixiaoxian/gitLocal/incubator-brpc/src/bthread/task_group.cpp:672] _remote_rq is full, capacity=2048
E0714 09:41:43.671934 163098 /home/weixiaoxian/gitLocal/incubator-brpc/src/bthread/task_group.cpp:672] _remote_rq is full, capacity=2048
E0714 09:41:43.678756 162999 /home/weixiaoxian/gitLocal/incubator-brpc/src/bthread/task_group.cpp:672] _remote_rq is full, capacity=2048
E0714 09:41:43.679334 163267 /home/weixiaoxian/gitLocal/incubator-brpc/src/bthread/task_group.cpp:672] _remote_rq is full, capacity=2048
E0714 09:41:43.683842 162875 /home/weixiaoxian/gitLocal/incubator-brpc/src/bthread/task_group.cpp:672] _remote_rq is full, capacity=2048
E0714 09:41:43.695017 163069 /home/weixiaoxian/gitLocal/incubator-brpc/src/bthread/task_group.cpp:672] _remote_rq is full, capacity=2048
E0714 09:41:43.712400 162890 /home/weixiaoxian/gitLocal/incubator-brpc/src/bthread/task_group.cpp:672] _remote_rq is full, capacity=2048
E0714 09:41:43.722916 162897 /home/weixiaoxian/gitLocal/incubator-brpc/src/bthread/task_group.cpp:672] _remote_rq is full, capacity=2048
E0714 09:41:43.734577 162886 /home/weixiaoxian/gitLocal/incubator-brpc/src/bthread/task_group.cpp:672] _remote_rq is full, capacity=2048
E0714 09:41:43.749299 163063 /home/weixiaoxian/gitLocal/incubator-brpc/src/bthread/task_group.cpp:672] _remote_rq is full, capacity=2048
E0714 09:41:43.759524 162867 /home/weixiaoxian/gitLocal/incubator-brpc/src/bthread/task_group.cpp:672] _remote_rq is full, capacity=2048
E0714 09:41:43.762735 162964 /home/weixiaoxian/gitLocal/incubator-brpc/src/bthread/task_group.cpp:672] _remote_rq is full, capacity=2048
E0714 09:41:43.777163 163089 /home/weixiaoxian/gitLocal/incubator-brpc/src/bthread/task_group.cpp:672] _remote_rq is full, capacity=2048
E0714 09:41:43.781588 162924 /home/weixiaoxian/gitLocal/incubator-brpc/src/bthread/task_group.cpp:672] _remote_rq is full, capacity=2048
E0714 09:41:43.786867 163068 /home/weixiaoxian/gitLocal/incubator-brpc/src/bthread/task_group.cpp:672] _remote_rq is full, capacity=2048
E0714 09:41:43.823687 162903 /home/weixiaoxian/gitLocal/incubator-brpc/src/bthread/task_group.cpp:672] _remote_rq is full, capacity=2048
E0714 09:41:43.861448 162913 /home/weixiaoxian/gitLocal/incubator-brpc/src/bthread/task_group.cpp:672] _remote_rq is full, capacity=2048
E0714 09:41:43.861830 162879 /home/weixiaoxian/gitLocal/incubator-brpc/src/bthread/task_group.cpp:672] _remote_rq is full, capacity=2048
E0714 09:41:43.905632 163041 /home/weixiaoxian/gitLocal/incubator-brpc/src/bthread/task_group_inl.h:91] _rq is full, capacity=4096
E0714 09:41:43.915254 163047 /home/weixiaoxian/gitLocal/incubator-brpc/src/bthread/task_group_inl.h:91] _rq is full, capacity=4096
E0714 09:41:43.916964 163140 /home/weixiaoxian/gitLocal/incubator-brpc/src/bthread/task_group_inl.h:91] _rq is full, capacity=4096
E0714 09:41:43.923294 163256 /home/weixiaoxian/gitLocal/incubator-brpc/src/bthread/task_group_inl.h:91] _rq is full, capacity=4096
E0714 09:41:43.928904 163196 /home/weixiaoxian/gitLocal/incubator-brpc/src/bthread/task_group_inl.h:91] _rq is full, capacity=4096
E0714 09:41:43.933454 163236 /home/weixiaoxian/gitLocal/incubator-brpc/src/bthread/task_group_inl.h:91] _rq is full, capacity=4096
E0714 09:41:43.938031 162980 /home/weixiaoxian/gitLocal/incubator-brpc/src/bthread/task_group_inl.h:91] _rq is full, capacity=4096
E0714 09:41:43.939007 163067 /home/weixiaoxian/gitLocal/incubator-brpc/src/bthread/task_group_inl.h:91] _rq is full, capacity=4096
E0714 09:41:43.943049 163077 /home/weixiaoxian/gitLocal/incubator-brpc/src/bthread/task_group_inl.h:91] _rq is full, capacity=4096
E0714 09:41:43.945060 163002 /home/weixiaoxian/gitLocal/incubator-brpc/src/bthread/task_group_inl.h:91] _rq is full, capacity=4096
E0714 09:41:43.944398 163190 /home/weixiaoxian/gitLocal/incubator-brpc/src/bthread/task_group_inl.h:91] _rq is full, capacity=4096
E0714 09:41:43.949971 163155 /home/weixiaoxian/gitLocal/incubator-brpc/src/bthread/task_group_inl.h:91] _rq is full, capacity=4096
E0714 09:41:43.950055 163184 /home/weixiaoxian/gitLocal/incubator-brpc/src/bthread/task_group_inl.h:91] _rq is full, capacity=4096
E0714 09:41:43.953032 163251 /home/weixiaoxian/gitLocal/incubator-brpc/src/bthread/task_group_inl.h:91] _rq is full, capacity=4096
E0714 09:41:43.955191 163254 /home/weixiaoxian/gitLocal/incubator-brpc/src/bthread/task_group_inl.h:91] _rq is full, capacity=4096
E0714 09:41:44.496387 162871 /home/weixiaoxian/gitLocal/incubator-brpc/src/bthread/task_group.cpp:672] _remote_rq is full, capacity=2048
E0714 09:41:44.503511 162902 /home/weixiaoxian/gitLocal/incubator-brpc/src/bthread/task_group.cpp:672] _remote_rq is full, capacity=2048
E0714 09:41:44.504300 162952 /home/weixiaoxian/gitLocal/incubator-brpc/src/bthread/task_group.cpp:672] _remote_rq is full, capacity=2048
E0714 09:41:44.510284 162911 /home/weixiaoxian/gitLocal/incubator-brpc/src/bthread/task_group.cpp:672] _remote_rq is full, capacity=2048
E0714 09:41:44.514289 163217 /home/weixiaoxian/gitLocal/incubator-brpc/src/bthread/task_group.cpp:672] _remote_rq is full, capacity=2048
E0714 09:41:44.520038 162868 /home/weixiaoxian/gitLocal/incubator-brpc/src/bthread/task_group.cpp:672] _remote_rq is full, capacity=2048
E0714 09:41:44.537950 162918 /home/weixiaoxian/gitLocal/incubator-brpc/src/bthread/task_group.cpp:672] _remote_rq is full, capacity=2048
E0714 09:41:44.551721 162985 /home/weixiaoxian/gitLocal/incubator-brpc/src/bthread/task_group.cpp:672] _remote_rq is full, capacity=2048
E0714 09:41:44.561674 162882 /home/weixiaoxian/gitLocal/incubator-brpc/src/bthread/task_group.cpp:672] _remote_rq is full, capacity=2048
E0714 09:41:44.586986 163120 /home/weixiaoxian/gitLocal/incubator-brpc/src/bthread/task_group.cpp:672] _remote_rq is full, capacity=2048
E0714 09:41:44.609364 162915 /home/weixiaoxian/gitLocal/incubator-brpc/src/bthread/task_group.cpp:672] _remote_rq is full, capacity=2048
E0714 09:41:44.617598 162926 /home/weixiaoxian/gitLocal/incubator-brpc/src/bthread/task_group.cpp:672] _remote_rq is full, capacity=2048
E0714 09:41:44.617456 162895 /home/weixiaoxian/gitLocal/incubator-brpc/src/bthread/task_group.cpp:672] _remote_rq is full, capacity=2048
E0714 09:41:44.655094 162896 /home/weixiaoxian/gitLocal/incubator-brpc/src/bthread/task_group.cpp:672] _remote_rq is full, capacity=2048
E0714 09:41:44.670524 163028 /home/weixiaoxian/gitLocal/incubator-brpc/src/bthread/task_group.cpp:672] _remote_rq is full, capacity=2048
E0714 09:41:44.672092 163098 /home/weixiaoxian/gitLocal/incubator-brpc/src/bthread/task_group.cpp:672] _remote_rq is full, capacity=2048
E0714 09:41:44.679285 162999 /home/weixiaoxian/gitLocal/incubator-brpc/src/bthread/task_group.cpp:672] _remote_rq is full, capacity=2048
E0714 09:41:44.679865 162912 /home/weixiaoxian/gitLocal/incubator-brpc/src/bthread/task_group.cpp:672] _remote_rq is full, capacity=2048
E0714 09:41:44.684455 162875 /home/weixiaoxian/gitLocal/incubator-brpc/src/bthread/task_group.cpp:672] _remote_rq is full, capacity=2048
E0714 09:41:44.695020 163069 /home/weixiaoxian/gitLocal/incubator-brpc/src/bthread/task_group.cpp:672] _remote_rq is full, capacity=2048
E0714 09:41:44.712856 162890 /home/weixiaoxian/gitLocal/incubator-brpc/src/bthread/task_group.cpp:672] _remote_rq is full, capacity=2048
E0714 09:41:44.723467 162897 /home/weixiaoxian/gitLocal/incubator-brpc/src/bthread/task_group.cpp:672] _remote_rq is full, capacity=2048
E0714 09:41:44.734588 162886 /home/weixiaoxian/gitLocal/incubator-brpc/src/bthread/task_group.cpp:672] _remote_rq is full, capacity=2048
E0714 09:41:44.749611 162874 /home/weixiaoxian/gitLocal/incubator-brpc/src/bthread/task_group.cpp:672] _remote_rq is full, capacity=2048
